{"level":"info","message":"Server running on port 3000","timestamp":"2024-12-07T04:41:49.074Z"}
{"code":"28P01","file":"auth.c","length":104,"level":"error","line":"324","message":"Registration error: password authentication failed for user \"postgres\"","name":"error","routine":"auth_failed","severity":"FATAL","stack":"error: password authentication failed for user \"postgres\"\n    at C:\\Users\\prayu\\Desktop\\Programming\\Web Dev\\WorkIndiaAssignment\\node_modules\\pg-pool\\index.js:45:11\n    at process.processTicksAndRejections (node:internal/process/task_queues:95:5)\n    at async Object.findByEmail (file:///C:/Users/prayu/Desktop/Programming/Web%20Dev/WorkIndiaAssignment/models/user.js:19:22)\n    at async register (file:///C:/Users/prayu/Desktop/Programming/Web%20Dev/WorkIndiaAssignment/controllers/auth.js:11:28)","timestamp":"2024-12-07T04:46:21.670Z"}
{"code":"28P01","file":"auth.c","length":104,"level":"error","line":"324","message":"Registration error: password authentication failed for user \"postgres\"","name":"error","routine":"auth_failed","severity":"FATAL","stack":"error: password authentication failed for user \"postgres\"\n    at C:\\Users\\prayu\\Desktop\\Programming\\Web Dev\\WorkIndiaAssignment\\node_modules\\pg-pool\\index.js:45:11\n    at process.processTicksAndRejections (node:internal/process/task_queues:95:5)\n    at async Object.findByEmail (file:///C:/Users/prayu/Desktop/Programming/Web%20Dev/WorkIndiaAssignment/models/user.js:19:22)\n    at async register (file:///C:/Users/prayu/Desktop/Programming/Web%20Dev/WorkIndiaAssignment/controllers/auth.js:11:28)","timestamp":"2024-12-07T04:47:04.379Z"}
{"level":"info","message":"Server running on port 3000","timestamp":"2024-12-07T04:47:29.112Z"}
{"code":"3D000","file":"postinit.c","length":96,"level":"error","line":"1033","message":"Registration error: database \"railway_db\" does not exist","name":"error","routine":"InitPostgres","severity":"FATAL","stack":"error: database \"railway_db\" does not exist\n    at C:\\Users\\prayu\\Desktop\\Programming\\Web Dev\\WorkIndiaAssignment\\node_modules\\pg-pool\\index.js:45:11\n    at process.processTicksAndRejections (node:internal/process/task_queues:95:5)\n    at async Object.findByEmail (file:///C:/Users/prayu/Desktop/Programming/Web%20Dev/WorkIndiaAssignment/models/user.js:19:22)\n    at async register (file:///C:/Users/prayu/Desktop/Programming/Web%20Dev/WorkIndiaAssignment/controllers/auth.js:11:28)","timestamp":"2024-12-07T04:47:30.840Z"}
{"level":"info","message":"Server running on port 3000","timestamp":"2024-12-07T04:48:49.166Z"}
{"level":"info","message":"Server running on port 3000","timestamp":"2024-12-07T04:54:23.982Z"}
{"level":"info","message":"Server running on port 3000","timestamp":"2024-12-07T04:54:25.532Z"}
{"level":"info","message":"Server running on port 3000","timestamp":"2024-12-07T04:54:28.882Z"}
{"level":"info","message":"Server running on port 3000","timestamp":"2024-12-07T04:54:44.808Z"}
{"level":"info","message":"Server running on port 3000","timestamp":"2024-12-07T05:25:27.374Z"}
{"level":"error","message":"Authentication error: invalid signature","name":"JsonWebTokenError","stack":"JsonWebTokenError: invalid signature\n    at C:\\Users\\prayu\\Desktop\\Programming\\Web Dev\\WorkIndiaAssignment\\node_modules\\jsonwebtoken\\verify.js:171:19\n    at getSecret (C:\\Users\\prayu\\Desktop\\Programming\\Web Dev\\WorkIndiaAssignment\\node_modules\\jsonwebtoken\\verify.js:97:14)\n    at module.exports [as verify] (C:\\Users\\prayu\\Desktop\\Programming\\Web Dev\\WorkIndiaAssignment\\node_modules\\jsonwebtoken\\verify.js:101:10)\n    at authenticateToken (file:///C:/Users/prayu/Desktop/Programming/Web%20Dev/WorkIndiaAssignment/middleware/auth.js:13:22)\n    at Layer.handle [as handle_request] (C:\\Users\\prayu\\Desktop\\Programming\\Web Dev\\WorkIndiaAssignment\\node_modules\\express\\lib\\router\\layer.js:95:5)\n    at next (C:\\Users\\prayu\\Desktop\\Programming\\Web Dev\\WorkIndiaAssignment\\node_modules\\express\\lib\\router\\route.js:149:13)\n    at validateAdminKey (file:///C:/Users/prayu/Desktop/Programming/Web%20Dev/WorkIndiaAssignment/middleware/auth.js:35:3)\n    at Layer.handle [as handle_request] (C:\\Users\\prayu\\Desktop\\Programming\\Web Dev\\WorkIndiaAssignment\\node_modules\\express\\lib\\router\\layer.js:95:5)\n    at next (C:\\Users\\prayu\\Desktop\\Programming\\Web Dev\\WorkIndiaAssignment\\node_modules\\express\\lib\\router\\route.js:149:13)\n    at Route.dispatch (C:\\Users\\prayu\\Desktop\\Programming\\Web Dev\\WorkIndiaAssignment\\node_modules\\express\\lib\\router\\route.js:119:3)","timestamp":"2024-12-07T05:30:01.120Z"}
{"level":"error","message":"Get all trains error: pool is not defined","stack":"ReferenceError: pool is not defined\n    at getAllTrains (file:///C:/Users/prayu/Desktop/Programming/Web%20Dev/WorkIndiaAssignment/controllers/admin.js:17:24)\n    at Layer.handle [as handle_request] (C:\\Users\\prayu\\Desktop\\Programming\\Web Dev\\WorkIndiaAssignment\\node_modules\\express\\lib\\router\\layer.js:95:5)\n    at next (C:\\Users\\prayu\\Desktop\\Programming\\Web Dev\\WorkIndiaAssignment\\node_modules\\express\\lib\\router\\route.js:149:13)\n    at Route.dispatch (C:\\Users\\prayu\\Desktop\\Programming\\Web Dev\\WorkIndiaAssignment\\node_modules\\express\\lib\\router\\route.js:119:3)\n    at Layer.handle [as handle_request] (C:\\Users\\prayu\\Desktop\\Programming\\Web Dev\\WorkIndiaAssignment\\node_modules\\express\\lib\\router\\layer.js:95:5)\n    at C:\\Users\\prayu\\Desktop\\Programming\\Web Dev\\WorkIndiaAssignment\\node_modules\\express\\lib\\router\\index.js:284:15\n    at Function.process_params (C:\\Users\\prayu\\Desktop\\Programming\\Web Dev\\WorkIndiaAssignment\\node_modules\\express\\lib\\router\\index.js:346:12)\n    at next (C:\\Users\\prayu\\Desktop\\Programming\\Web Dev\\WorkIndiaAssignment\\node_modules\\express\\lib\\router\\index.js:280:10)\n    at isAdmin (file:///C:/Users/prayu/Desktop/Programming/Web%20Dev/WorkIndiaAssignment/middleware/auth.js:26:3)\n    at Layer.handle [as handle_request] (C:\\Users\\prayu\\Desktop\\Programming\\Web Dev\\WorkIndiaAssignment\\node_modules\\express\\lib\\router\\layer.js:95:5)","timestamp":"2024-12-07T05:31:51.527Z"}
{"level":"info","message":"Server running on port 3000","timestamp":"2024-12-07T05:33:28.303Z"}
{"level":"info","message":"Server running on port 3000","timestamp":"2024-12-07T05:33:34.117Z"}
{"level":"info","message":"Server running on port 3000","timestamp":"2024-12-07T05:33:35.344Z"}
{"level":"error","message":"Get all trains error: pool.query is not a function","stack":"TypeError: pool.query is not a function\n    at getAllTrains (file:///C:/Users/prayu/Desktop/Programming/Web%20Dev/WorkIndiaAssignment/controllers/admin.js:18:35)\n    at Layer.handle [as handle_request] (C:\\Users\\prayu\\Desktop\\Programming\\Web Dev\\WorkIndiaAssignment\\node_modules\\express\\lib\\router\\layer.js:95:5)\n    at next (C:\\Users\\prayu\\Desktop\\Programming\\Web Dev\\WorkIndiaAssignment\\node_modules\\express\\lib\\router\\route.js:149:13)\n    at Route.dispatch (C:\\Users\\prayu\\Desktop\\Programming\\Web Dev\\WorkIndiaAssignment\\node_modules\\express\\lib\\router\\route.js:119:3)\n    at Layer.handle [as handle_request] (C:\\Users\\prayu\\Desktop\\Programming\\Web Dev\\WorkIndiaAssignment\\node_modules\\express\\lib\\router\\layer.js:95:5)\n    at C:\\Users\\prayu\\Desktop\\Programming\\Web Dev\\WorkIndiaAssignment\\node_modules\\express\\lib\\router\\index.js:284:15\n    at Function.process_params (C:\\Users\\prayu\\Desktop\\Programming\\Web Dev\\WorkIndiaAssignment\\node_modules\\express\\lib\\router\\index.js:346:12)\n    at next (C:\\Users\\prayu\\Desktop\\Programming\\Web Dev\\WorkIndiaAssignment\\node_modules\\express\\lib\\router\\index.js:280:10)\n    at isAdmin (file:///C:/Users/prayu/Desktop/Programming/Web%20Dev/WorkIndiaAssignment/middleware/auth.js:26:3)\n    at Layer.handle [as handle_request] (C:\\Users\\prayu\\Desktop\\Programming\\Web Dev\\WorkIndiaAssignment\\node_modules\\express\\lib\\router\\layer.js:95:5)","timestamp":"2024-12-07T05:33:57.250Z"}
{"level":"info","message":"Server running on port 3000","timestamp":"2024-12-07T05:34:32.096Z"}
{"level":"info","message":"Server running on port 3000","timestamp":"2024-12-07T05:34:34.117Z"}
{"level":"info","message":"Server running on port 3000","timestamp":"2024-12-07T05:53:08.563Z"}
{"level":"info","message":"Server running on port 3000","timestamp":"2024-12-07T05:53:10.456Z"}
{"level":"info","message":"Server running on port 3000","timestamp":"2024-12-07T05:53:17.377Z"}
{"level":"info","message":"Server running on port 3000","timestamp":"2024-12-07T05:53:20.514Z"}
{"level":"info","message":"Server running on port 3000","timestamp":"2024-12-07T06:09:35.883Z"}
{"level":"info","message":"Server running on port 3000","timestamp":"2024-12-07T06:09:38.939Z"}
{"level":"info","message":"Server running on port 3000","timestamp":"2024-12-07T06:09:52.531Z"}
{"level":"info","message":"Server running on port 3000","timestamp":"2024-12-07T06:09:58.678Z"}
{"level":"info","message":"Server running on port 3000","timestamp":"2024-12-07T06:10:01.045Z"}
{"level":"info","message":"Server running on port 3000","timestamp":"2024-12-07T06:10:33.522Z"}
{"level":"info","message":"Server running on port 3000","timestamp":"2024-12-07T06:18:06.315Z"}
{"level":"info","message":"Server running on port 3000","timestamp":"2024-12-07T06:18:09.339Z"}
{"level":"info","message":"Server running on port 3000","timestamp":"2024-12-07T06:18:15.669Z"}
{"level":"info","message":"Server running on port 3000","timestamp":"2024-12-07T06:18:20.983Z"}
{"level":"info","message":"Server running on port 3000","timestamp":"2024-12-07T06:18:24.025Z"}
{"level":"info","message":"Server running on port 3000","timestamp":"2024-12-07T06:18:28.941Z"}
{"level":"info","message":"Server running on port 3000","timestamp":"2024-12-07T06:18:30.891Z"}
{"level":"info","message":"Server running on port 3000","timestamp":"2024-12-07T06:18:35.132Z"}
{"level":"info","message":"Server running on port 3000","timestamp":"2024-12-07T06:18:45.084Z"}
{"level":"info","message":"Server running on port 3000","timestamp":"2024-12-07T06:18:48.721Z"}
{"level":"info","message":"Server running on port 3000","timestamp":"2024-12-07T06:19:12.333Z"}
{"level":"info","message":"Server running on port 3000","timestamp":"2024-12-07T06:20:46.988Z"}
{"level":"info","message":"Server running on port 3000","timestamp":"2024-12-07T06:20:55.814Z"}
{"code":"23502","column":"email","detail":"Failing row contains (3, WorkIndiaAssignment, null, $2a$10$oMvJ06hk0aJdJrItVqu0W.gKxLubxLP6VlkyC9OjZjs6C2T73d5N2, USER, 2024-12-07 11:53:18.772119).","file":"execMain.c","length":312,"level":"error","line":"1987","message":"Registration error: null value in column \"email\" of relation \"users\" violates not-null constraint","name":"error","routine":"ExecConstraints","schema":"public","severity":"ERROR","stack":"error: null value in column \"email\" of relation \"users\" violates not-null constraint\n    at C:\\Users\\prayu\\Desktop\\Programming\\Web Dev\\WorkIndiaAssignment\\node_modules\\pg-pool\\index.js:45:11\n    at process.processTicksAndRejections (node:internal/process/task_queues:95:5)\n    at async Object.create (file:///C:/Users/prayu/Desktop/Programming/Web%20Dev/WorkIndiaAssignment/models/user.js:13:22)\n    at async register (file:///C:/Users/prayu/Desktop/Programming/Web%20Dev/WorkIndiaAssignment/controllers/auth.js:24:20)","table":"users","timestamp":"2024-12-07T06:23:18.780Z"}
{"level":"info","message":"Server running on port 3000","timestamp":"2024-12-07T06:35:14.710Z"}
{"level":"info","message":"Server running on port 3000","timestamp":"2024-12-07T06:39:04.205Z"}
{"level":"info","message":"Server running on port 3000","timestamp":"2024-12-07T06:39:35.445Z"}
{"level":"info","message":"Server running on port 3000","timestamp":"2024-12-07T06:39:43.050Z"}
{"level":"info","message":"Server running on port 3000","timestamp":"2024-12-07T06:39:45.079Z"}
{"level":"info","message":"Server running on port 3000","timestamp":"2024-12-07T06:39:50.004Z"}
{"level":"info","message":"Server running on port 3000","timestamp":"2024-12-07T06:39:51.466Z"}
{"level":"info","message":"Server running on port 3000","timestamp":"2024-12-07T06:40:18.282Z"}
{"code":"22P02","file":"numutils.c","length":148,"level":"error","line":"619","message":"Get booking error: invalid input syntax for type integer: \":id=2\"","name":"error","routine":"pg_strtoint32_safe","severity":"ERROR","stack":"error: invalid input syntax for type integer: \":id=2\"\n    at C:\\Users\\prayu\\Desktop\\Programming\\Web Dev\\WorkIndiaAssignment\\node_modules\\pg-pool\\index.js:45:11\n    at process.processTicksAndRejections (node:internal/process/task_queues:95:5)\n    at async Object.findById (file:///C:/Users/prayu/Desktop/Programming/Web%20Dev/WorkIndiaAssignment/models/booking.js:35:22)\n    at async getBooking (file:///C:/Users/prayu/Desktop/Programming/Web%20Dev/WorkIndiaAssignment/controllers/booking.js:44:23)","timestamp":"2024-12-07T06:42:32.695Z","where":"unnamed portal parameter $1 = '...'"}
{"code":"22P02","file":"numutils.c","length":145,"level":"error","line":"619","message":"Get booking error: invalid input syntax for type integer: \":2\"","name":"error","routine":"pg_strtoint32_safe","severity":"ERROR","stack":"error: invalid input syntax for type integer: \":2\"\n    at C:\\Users\\prayu\\Desktop\\Programming\\Web Dev\\WorkIndiaAssignment\\node_modules\\pg-pool\\index.js:45:11\n    at process.processTicksAndRejections (node:internal/process/task_queues:95:5)\n    at async Object.findById (file:///C:/Users/prayu/Desktop/Programming/Web%20Dev/WorkIndiaAssignment/models/booking.js:35:22)\n    at async getBooking (file:///C:/Users/prayu/Desktop/Programming/Web%20Dev/WorkIndiaAssignment/controllers/booking.js:44:23)","timestamp":"2024-12-07T06:42:56.238Z","where":"unnamed portal parameter $1 = '...'"}
{"code":"22P02","file":"numutils.c","length":148,"level":"error","line":"619","message":"Get booking error: invalid input syntax for type integer: \":id=2\"","name":"error","routine":"pg_strtoint32_safe","severity":"ERROR","stack":"error: invalid input syntax for type integer: \":id=2\"\n    at C:\\Users\\prayu\\Desktop\\Programming\\Web Dev\\WorkIndiaAssignment\\node_modules\\pg-pool\\index.js:45:11\n    at process.processTicksAndRejections (node:internal/process/task_queues:95:5)\n    at async Object.findById (file:///C:/Users/prayu/Desktop/Programming/Web%20Dev/WorkIndiaAssignment/models/booking.js:35:22)\n    at async getBooking (file:///C:/Users/prayu/Desktop/Programming/Web%20Dev/WorkIndiaAssignment/controllers/booking.js:44:23)","timestamp":"2024-12-07T06:49:13.000Z","where":"unnamed portal parameter $1 = '...'"}
{"level":"info","message":"Server running on port 3000","timestamp":"2024-12-07T06:51:40.590Z"}
